[debug] [2021-05-24T12:18:22.438Z] ----------------------------------------------------------------------
[debug] [2021-05-24T12:18:22.441Z] Command:       C:\Program Files\nodejs\node.exe C:\Users\lenovo\AppData\Roaming\npm\node_modules\firebase-tools\lib\bin\firebase.js init
[debug] [2021-05-24T12:18:22.441Z] CLI Version:   9.11.0
[debug] [2021-05-24T12:18:22.441Z] Platform:      win32
[debug] [2021-05-24T12:18:22.441Z] Node Version:  v16.2.0
[debug] [2021-05-24T12:18:22.449Z] Time:          Mon May 24 2021 17:48:22 GMT+0530 (India Standard Time)
[debug] [2021-05-24T12:18:22.450Z] ----------------------------------------------------------------------
[debug] 
[debug] [2021-05-24T12:18:22.456Z] > command requires scopes: ["email","openid","https://www.googleapis.com/auth/cloudplatformprojects.readonly","https://www.googleapis.com/auth/firebase","https://www.googleapis.com/auth/cloud-platform"]
[debug] [2021-05-24T12:18:22.456Z] > authorizing via signed-in user (sree1001hari@gmail.com)
[info] 
     ######## #### ########  ######## ########     ###     ######  ########
     ##        ##  ##     ## ##       ##     ##  ##   ##  ##       ##
     ######    ##  ########  ######   ########  #########  ######  ######
     ##        ##  ##    ##  ##       ##     ## ##     ##       ## ##
     ##       #### ##     ## ######## ########  ##     ##  ######  ########

You're about to initialize a Firebase project in this directory:

  C:\Software Project\ReactJs tutorial

Before we get started, keep in mind:

  * You are currently outside your home directory

[info] 
=== Project Setup
[info] 
[info] First, let's associate this project directory with a Firebase project.
[info] You can create multiple project aliases by running firebase use --add, 
[info] but for now we'll just set up a default project.
[info] 
[debug] [2021-05-24T12:18:40.328Z] > refreshing access token with scopes: []
[debug] [2021-05-24T12:18:40.329Z] >>> HTTP REQUEST POST https://www.googleapis.com/oauth2/v3/token  
 <request body omitted>
[debug] [2021-05-24T12:18:40.575Z] <<< HTTP RESPONSE 200 {"expires":"Mon, 01 Jan 1990 00:00:00 GMT","pragma":"no-cache","date":"Mon, 24 May 2021 12:18:41 GMT","cache-control":"no-cache, no-store, max-age=0, must-revalidate","content-type":"application/json; charset=utf-8","vary":"X-Origin, Referer, Origin,Accept-Encoding","server":"scaffolding on HTTPServer2","x-xss-protection":"0","x-frame-options":"SAMEORIGIN","x-content-type-options":"nosniff","alt-svc":"h3-29=\":443\"; ma=2592000,h3-T051=\":443\"; ma=2592000,h3-Q050=\":443\"; ma=2592000,h3-Q046=\":443\"; ma=2592000,h3-Q043=\":443\"; ma=2592000,quic=\":443\"; ma=2592000; v=\"46,43\"","accept-ranges":"none","transfer-encoding":"chunked"}
[debug] [2021-05-24T12:18:40.603Z] >>> [apiv2][query] GET https://firebase.googleapis.com/v1beta1/projects pageSize=100
[debug] [2021-05-24T12:18:41.228Z] <<< [apiv2][status] GET https://firebase.googleapis.com/v1beta1/projects 200
[debug] [2021-05-24T12:18:41.228Z] <<< [apiv2][body] GET https://firebase.googleapis.com/v1beta1/projects [omitted]
[info] i  Using project cis-project-cc7ee (CIS Project) 
[info] 
=== Hosting Setup
[info] 
[info] Your public directory is the folder (relative to your project directory) that
[info] will contain Hosting assets to be uploaded with firebase deploy. If you
[info] have a build process for your assets, use your build's output directory.
[info] 
[debug] [2021-05-24T12:18:56.945Z] ----------------------------------------------------------------------
[debug] [2021-05-24T12:18:56.948Z] Command:       C:\Program Files\nodejs\node.exe C:\Users\lenovo\AppData\Roaming\npm\node_modules\firebase-tools\lib\bin\firebase.js init
[debug] [2021-05-24T12:18:56.948Z] CLI Version:   9.11.0
[debug] [2021-05-24T12:18:56.948Z] Platform:      win32
[debug] [2021-05-24T12:18:56.948Z] Node Version:  v16.2.0
[debug] [2021-05-24T12:18:56.949Z] Time:          Mon May 24 2021 17:48:56 GMT+0530 (India Standard Time)
[debug] [2021-05-24T12:18:56.949Z] ----------------------------------------------------------------------
[debug] 
[debug] [2021-05-24T12:18:56.955Z] > command requires scopes: ["email","openid","https://www.googleapis.com/auth/cloudplatformprojects.readonly","https://www.googleapis.com/auth/firebase","https://www.googleapis.com/auth/cloud-platform"]
[debug] [2021-05-24T12:18:56.955Z] > authorizing via signed-in user (sree1001hari@gmail.com)
[info] 
     ######## #### ########  ######## ########     ###     ######  ########
     ##        ##  ##     ## ##       ##     ##  ##   ##  ##       ##
     ######    ##  ########  ######   ########  #########  ######  ######
     ##        ##  ##    ##  ##       ##     ## ##     ##       ## ##
     ##       #### ##     ## ######## ########  ##     ##  ######  ########

You're about to initialize a Firebase project in this directory:

  C:\Software Project\ReactJs tutorial

Before we get started, keep in mind:

  * You are currently outside your home directory

[info] 
=== Project Setup
[info] 
[info] First, let's associate this project directory with a Firebase project.
[info] You can create multiple project aliases by running firebase use --add, 
[info] but for now we'll just set up a default project.
[info] 
[debug] [2021-05-24T12:19:09.437Z] >>> [apiv2][query] GET https://firebase.googleapis.com/v1beta1/projects pageSize=100
[debug] [2021-05-24T12:19:10.111Z] <<< [apiv2][status] GET https://firebase.googleapis.com/v1beta1/projects 200
[debug] [2021-05-24T12:19:10.112Z] <<< [apiv2][body] GET https://firebase.googleapis.com/v1beta1/projects [omitted]
[info] i  Using project react-web-e7bb8 (React-Web) 
[info] 
=== Functions Setup
[info] 
[info] A functions directory will be created in your project with a Node.js
[info] package pre-configured. Functions can be deployed with firebase deploy.
[info] 
[debug] [2021-05-24T12:19:11.998Z] > command requires scopes: ["email","openid","https://www.googleapis.com/auth/cloudplatformprojects.readonly","https://www.googleapis.com/auth/firebase","https://www.googleapis.com/auth/cloud-platform"]
[debug] [2021-05-24T12:19:11.999Z] > authorizing via signed-in user (sree1001hari@gmail.com)
[debug] [2021-05-24T12:19:11.999Z] [iam] checking project react-web-e7bb8 for permissions ["firebase.projects.get"]
[debug] [2021-05-24T12:19:12.000Z] > refreshing access token with scopes: ["email","https://www.googleapis.com/auth/cloud-platform","https://www.googleapis.com/auth/cloudplatformprojects.readonly","https://www.googleapis.com/auth/firebase","openid"]
[debug] [2021-05-24T12:19:12.000Z] >>> HTTP REQUEST POST https://www.googleapis.com/oauth2/v3/token  
 <request body omitted>
[debug] [2021-05-24T12:19:12.190Z] <<< HTTP RESPONSE 200 {"pragma":"no-cache","expires":"Mon, 01 Jan 1990 00:00:00 GMT","date":"Mon, 24 May 2021 12:19:12 GMT","cache-control":"no-cache, no-store, max-age=0, must-revalidate","content-type":"application/json; charset=utf-8","vary":"X-Origin, Referer, Origin,Accept-Encoding","server":"scaffolding on HTTPServer2","x-xss-protection":"0","x-frame-options":"SAMEORIGIN","x-content-type-options":"nosniff","alt-svc":"h3-29=\":443\"; ma=2592000,h3-T051=\":443\"; ma=2592000,h3-Q050=\":443\"; ma=2592000,h3-Q046=\":443\"; ma=2592000,h3-Q043=\":443\"; ma=2592000,quic=\":443\"; ma=2592000; v=\"46,43\"","accept-ranges":"none","transfer-encoding":"chunked"}
[debug] [2021-05-24T12:19:12.213Z] >>> HTTP REQUEST POST https://cloudresourcemanager.googleapis.com/v1/projects/react-web-e7bb8:testIamPermissions  
 {"permissions":["firebase.projects.get"]}
[debug] [2021-05-24T12:19:13.546Z] <<< HTTP RESPONSE 200 {"content-type":"application/json; charset=UTF-8","vary":"X-Origin, Referer, Origin,Accept-Encoding","date":"Mon, 24 May 2021 12:19:13 GMT","server":"ESF","cache-control":"private","x-xss-protection":"0","x-frame-options":"SAMEORIGIN","x-content-type-options":"nosniff","server-timing":"gfet4t7; dur=1175","alt-svc":"h3-29=\":443\"; ma=2592000,h3-T051=\":443\"; ma=2592000,h3-Q050=\":443\"; ma=2592000,h3-Q046=\":443\"; ma=2592000,h3-Q043=\":443\"; ma=2592000,quic=\":443\"; ma=2592000; v=\"46,43\"","accept-ranges":"none","transfer-encoding":"chunked"}
[debug] [2021-05-24T12:19:13.548Z] >>> HTTP REQUEST POST https://serviceusage.googleapis.com/v1/projects/react-web-e7bb8/services/cloudfunctions.googleapis.com:enable  
 
[debug] [2021-05-24T12:19:13.549Z] >>> HTTP REQUEST POST https://serviceusage.googleapis.com/v1/projects/react-web-e7bb8/services/runtimeconfig.googleapis.com:enable  
 
[debug] [2021-05-24T12:19:15.067Z] <<< HTTP RESPONSE 200 {"content-type":"application/json; charset=UTF-8","vary":"X-Origin, Referer, Origin,Accept-Encoding","date":"Mon, 24 May 2021 12:19:15 GMT","server":"ESF","cache-control":"private","x-xss-protection":"0","x-frame-options":"SAMEORIGIN","x-content-type-options":"nosniff","alt-svc":"h3-29=\":443\"; ma=2592000,h3-T051=\":443\"; ma=2592000,h3-Q050=\":443\"; ma=2592000,h3-Q046=\":443\"; ma=2592000,h3-Q043=\":443\"; ma=2592000,quic=\":443\"; ma=2592000; v=\"46,43\"","accept-ranges":"none","transfer-encoding":"chunked"}
[debug] [2021-05-24T12:19:17.694Z] <<< HTTP RESPONSE 200 {"content-type":"application/json; charset=UTF-8","vary":"X-Origin, Referer, Origin,Accept-Encoding","date":"Mon, 24 May 2021 12:19:18 GMT","server":"ESF","cache-control":"private","x-xss-protection":"0","x-frame-options":"SAMEORIGIN","x-content-type-options":"nosniff","alt-svc":"h3-29=\":443\"; ma=2592000,h3-T051=\":443\"; ma=2592000,h3-Q050=\":443\"; ma=2592000,h3-Q046=\":443\"; ma=2592000,h3-Q043=\":443\"; ma=2592000,quic=\":443\"; ma=2592000; v=\"46,43\"","accept-ranges":"none","transfer-encoding":"chunked"}
[info] +  Wrote functions/package.json 
[info] +  Wrote functions/.eslintrc.js 
[info] +  Wrote functions/index.js 
[info] +  Wrote functions/.gitignore 
[info] 
=== Hosting Setup
[info] 
[info] Your public directory is the folder (relative to your project directory) that
[info] will contain Hosting assets to be uploaded with firebase deploy. If you
[info] have a build process for your assets, use your build's output directory.
[info] 
[debug] [2021-05-24T12:20:08.095Z] >>> [apiv2][query] GET https://www.gstatic.com/firebasejs/releases.json [none]
[debug] [2021-05-24T12:20:08.219Z] <<< [apiv2][status] GET https://www.gstatic.com/firebasejs/releases.json 200
[debug] [2021-05-24T12:20:08.219Z] <<< [apiv2][body] GET https://www.gstatic.com/firebasejs/releases.json {"current":{"version":"8.6.2","browserURL":"https://www.gstatic.com/firebasejs/8.6.2/firebase.js","packageURL":"https://www.gstatic.com/firebasejs/8.6.2/firebase.tgz"},"live":{"version":"8.6","browserURL":"https://www.gstatic.com/firebasejs/live/8.6/firebase.js","packageURL":"https://www.gstatic.com/firebasejs/live/8.6/firebase.tgz"},"components":{"analytics":"https://www.gstatic.com/firebasejs/8.6.2/firebase-analytics.js","app":"https://www.gstatic.com/firebasejs/8.6.2/firebase-app.js","app-check":"https://www.gstatic.com/firebasejs/8.6.2/firebase-app-check.js","auth":"https://www.gstatic.com/firebasejs/8.6.2/firebase-auth.js","database":"https://www.gstatic.com/firebasejs/8.6.2/firebase-database.js","firestore":"https://www.gstatic.com/firebasejs/8.6.2/firebase-firestore.js","functions":"https://www.gstatic.com/firebasejs/8.6.2/firebase-functions.js","installations":"https://www.gstatic.com/firebasejs/8.6.2/firebase-installations.js","messaging":"https://www.gstatic.com/firebasejs/8.6.2/firebase-messaging.js","storage":"https://www.gstatic.com/firebasejs/8.6.2/firebase-storage.js","performance":"https://www.gstatic.com/firebasejs/8.6.2/firebase-performance.js","remote-config":"https://www.gstatic.com/firebasejs/8.6.2/firebase-remote-config.js","firestore.memory":"https://www.gstatic.com/firebasejs/8.6.2/firebase-firestore.memory.js"}}
[info] +  Wrote n/index.html 
[info] 
[info] i  Didn't detect a .git folder. Assuming C:\Software Project\ReactJs tutorial is the project root. 
[info] i  Authorizing with GitHub to upload your service account to a GitHub repository's secrets store. 
[info] 
[info] Visit this URL on this device to log in:
[info] https://github.com/login/oauth/authorize?client_id=89cf50f02ac6aaed3484&state=174190708&redirect_uri=http%3A%2F%2Flocalhost%3A9005&scope=read%3Auser%20repo%20public_repo
[info] 
[info] Waiting for authentication...
[debug] [2021-05-24T12:20:25.059Z] >>> HTTP REQUEST POST https://github.com/login/oauth/access_token  
 {"client_id":"89cf50f02ac6aaed3484","client_secret":"3330d14abc895d9a74d5f17cd7a00711fa2c5bf0","code":"37a5dd71feb0d82237db","redirect_uri":"http://localhost:9005","state":"174190708"}
[debug] [2021-05-24T12:20:25.465Z] <<< HTTP RESPONSE 200 {"server":"GitHub.com","date":"Mon, 24 May 2021 12:20:25 GMT","content-type":"application/json; charset=utf-8","transfer-encoding":"chunked","vary":"X-PJAX, Accept-Encoding, Accept, X-Requested-With","permissions-policy":"interest-cohort=()","etag":"W/\"3e6fa841637032c906c963dc3bd3e0c4\"","cache-control":"max-age=0, private, must-revalidate","strict-transport-security":"max-age=31536000; includeSubdomains; preload","x-frame-options":"deny","x-content-type-options":"nosniff","x-xss-protection":"0","referrer-policy":"origin-when-cross-origin, strict-origin-when-cross-origin","expect-ct":"max-age=2592000, report-uri=\"https://api.github.com/_private/browser/errors\"","content-security-policy":"default-src 'none'; base-uri 'self'; block-all-mixed-content; connect-src 'self' uploads.github.com www.githubstatus.com collector.githubapp.com api.github.com github-cloud.s3.amazonaws.com github-production-repository-file-5c1aeb.s3.amazonaws.com github-production-upload-manifest-file-7fdce7.s3.amazonaws.com github-production-user-asset-6210df.s3.amazonaws.com cdn.optimizely.com logx.optimizely.com/v1/events wss://alive.github.com; font-src github.githubassets.com; form-action 'self' github.com gist.github.com; frame-ancestors 'none'; frame-src render.githubusercontent.com; img-src 'self' data: github.githubassets.com identicons.github.com collector.githubapp.com github-cloud.s3.amazonaws.com secured-user-images.githubusercontent.com/ *.githubusercontent.com; manifest-src 'self'; media-src 'none'; script-src github.githubassets.com; style-src 'unsafe-inline' github.githubassets.com; worker-src github.com/socket-worker-3f088aa2.js gist.github.com/socket-worker-3f088aa2.js","x-github-request-id":"6841:4199:2437C6:2C8668:60AB9A09"}
[debug] [2021-05-24T12:20:25.475Z] >>> [apiv2][query] GET https://api.github.com/user [none]
[debug] [2021-05-24T12:20:25.944Z] <<< [apiv2][status] GET https://api.github.com/user 200
[debug] [2021-05-24T12:20:25.945Z] <<< [apiv2][body] GET https://api.github.com/user {"login":"hari3584","id":44242559,"node_id":"MDQ6VXNlcjQ0MjQyNTU5","avatar_url":"https://avatars.githubusercontent.com/u/44242559?v=4","gravatar_id":"","url":"https://api.github.com/users/hari3584","html_url":"https://github.com/hari3584","followers_url":"https://api.github.com/users/hari3584/followers","following_url":"https://api.github.com/users/hari3584/following{/other_user}","gists_url":"https://api.github.com/users/hari3584/gists{/gist_id}","starred_url":"https://api.github.com/users/hari3584/starred{/owner}{/repo}","subscriptions_url":"https://api.github.com/users/hari3584/subscriptions","organizations_url":"https://api.github.com/users/hari3584/orgs","repos_url":"https://api.github.com/users/hari3584/repos","events_url":"https://api.github.com/users/hari3584/events{/privacy}","received_events_url":"https://api.github.com/users/hari3584/received_events","type":"User","site_admin":false,"name":"Sreehari N","company":null,"blog":"","location":null,"email":null,"hireable":null,"bio":null,"twitter_username":null,"public_repos":12,"public_gists":1,"followers":0,"following":0,"created_at":"2018-10-17T18:40:01Z","updated_at":"2021-05-24T12:20:25Z","private_gists":0,"total_private_repos":0,"owned_private_repos":0,"disk_usage":61,"collaborators":0,"two_factor_authentication":false,"plan":{"name":"pro","space":976562499,"collaborators":0,"private_repos":9999}}
[info] 
[info] +  Success! Logged into GitHub as hari3584 
[info] 
[debug] [2021-05-24T12:20:51.165Z] >>> [apiv2][query] GET https://api.github.com/repos//actions/secrets/public-key type=owner
[debug] [2021-05-24T12:20:51.570Z] <<< [apiv2][status] GET https://api.github.com/repos//actions/secrets/public-key 404
[debug] [2021-05-24T12:20:51.570Z] <<< [apiv2][body] GET https://api.github.com/repos//actions/secrets/public-key {"message":"Not Found","documentation_url":"https://docs.github.com/rest"}
